SF:/Users/behnam/Downloads/voice_call_kit_v2/packages/signed_config/lib/src/manifest_verifier.dart
DA:49,2
DA:53,2
DA:54,4
DA:57,6
DA:58,1
DA:59,3
DA:76,2
DA:81,2
DA:90,2
DA:98,2
DA:101,2
DA:105,2
DA:108,4
DA:109,2
DA:110,4
DA:112,2
DA:115,2
DA:116,2
DA:117,4
DA:124,2
DA:125,1
DA:128,1
DA:139,2
DA:143,8
DA:144,2
DA:145,1
DA:147,8
DA:148,1
DA:156,2
DA:161,4
DA:165,4
DA:166,1
DA:167,2
DA:170,6
DA:172,1
DA:174,2
DA:177,2
DA:178,1
DA:180,2
DA:184,6
DA:191,4
DA:192,4
DA:193,2
DA:194,2
DA:205,4
DA:211,2
DA:218,4
DA:219,2
DA:220,2
DA:221,2
DA:226,2
LF:51
LH:51
end_of_record
SF:/Users/behnam/Downloads/voice_call_kit_v2/packages/signed_config/lib/src/manifest_cache.dart
DA:50,1
DA:60,2
DA:68,2
DA:70,1
DA:71,2
DA:86,1
DA:101,2
DA:102,1
DA:112,1
DA:113,2
DA:116,1
DA:117,2
DA:118,2
DA:121,2
DA:124,2
DA:125,1
DA:126,2
DA:129,1
DA:130,2
DA:134,3
DA:136,1
DA:137,2
DA:141,1
DA:148,1
DA:149,3
DA:150,1
DA:153,1
DA:155,1
DA:157,1
DA:158,1
DA:163,1
DA:170,1
DA:171,1
DA:174,4
DA:175,1
DA:176,1
DA:184,3
DA:186,1
DA:187,1
DA:188,4
DA:191,1
DA:193,4
DA:194,1
DA:198,1
DA:199,1
DA:201,3
DA:202,2
DA:203,1
DA:204,2
DA:206,2
DA:213,2
DA:214,1
DA:215,2
DA:216,2
DA:217,3
DA:219,3
DA:220,1
DA:221,2
LF:58
LH:58
end_of_record
SF:/Users/behnam/Downloads/voice_call_kit_v2/packages/signed_config/lib/src/endpoint_manifest.dart
DA:34,0
DA:38,0
DA:39,0
DA:42,0
DA:43,0
DA:44,0
DA:46,0
DA:50,0
DA:51,0
DA:53,0
DA:60,0
DA:61,0
DA:62,0
DA:65,0
DA:66,0
DA:67,0
DA:70,0
DA:72,0
DA:73,0
DA:74,0
DA:76,0
DA:77,0
DA:81,0
DA:82,0
DA:83,0
DA:84,0
DA:116,2
DA:126,2
DA:127,2
DA:128,4
DA:129,0
DA:131,4
DA:134,4
DA:137,6
DA:140,2
DA:145,4
DA:146,8
DA:147,0
DA:148,0
DA:152,12
DA:153,0
DA:154,0
DA:159,6
DA:161,2
DA:162,2
DA:163,2
DA:164,2
DA:165,2
DA:166,2
DA:167,2
DA:168,2
DA:169,2
DA:170,2
DA:172,2
DA:173,2
DA:174,2
DA:175,2
DA:176,2
DA:177,2
DA:178,2
DA:179,2
DA:183,2
DA:187,4
DA:188,4
DA:189,2
DA:190,2
DA:191,2
DA:192,2
DA:194,0
DA:198,2
DA:199,2
DA:200,0
DA:201,0
DA:203,0
DA:207,2
DA:208,2
DA:212,4
DA:213,4
DA:214,4
DA:215,4
DA:216,8
DA:217,8
DA:218,12
DA:219,8
DA:220,6
DA:221,4
DA:230,8
DA:232,2
DA:233,2
DA:234,6
DA:235,2
DA:236,2
DA:237,8
DA:239,4
DA:241,2
DA:242,6
DA:244,2
LF:97
LH:62
end_of_record
