SF:/Users/behnam/Downloads/voice_call_kit_v2/packages/adaptive_transport/lib/src/transport_channel.dart
DA:42,2
DA:45,2
DA:46,8
DA:49,2
DA:51,1
DA:53,6
DA:87,2
DA:95,8
DA:96,2
DA:98,8
DA:99,2
DA:107,2
DA:108,6
DA:109,8
DA:110,6
DA:111,10
DA:119,2
DA:120,4
DA:121,1
DA:124,2
DA:125,12
DA:127,4
DA:128,1
DA:129,2
DA:130,2
DA:133,2
DA:136,6
DA:137,14
DA:138,14
LF:29
LH:29
end_of_record
SF:/Users/behnam/Downloads/voice_call_kit_v2/packages/adaptive_transport/lib/src/path_selector.dart
DA:45,1
DA:48,1
DA:49,1
DA:50,1
DA:52,1
DA:54,1
DA:56,1
DA:62,1
DA:63,1
DA:64,1
DA:79,3
DA:100,1
DA:101,2
DA:103,1
DA:107,1
DA:108,1
DA:109,3
DA:114,1
DA:115,2
DA:118,1
DA:119,1
DA:120,5
DA:121,1
DA:122,7
DA:126,1
DA:127,2
DA:128,3
DA:130,1
DA:131,2
DA:132,2
DA:133,2
DA:134,4
DA:135,3
DA:136,2
DA:137,2
DA:138,3
DA:150,1
DA:151,7
DA:152,1
DA:153,5
DA:157,5
DA:162,5
DA:163,1
DA:169,3
DA:170,1
DA:171,3
DA:172,2
DA:174,1
DA:175,2
DA:178,1
DA:180,1
DA:182,2
DA:183,1
DA:184,3
DA:186,3
DA:188,1
DA:189,1
DA:193,2
DA:196,2
DA:204,1
DA:205,2
DA:207,1
DA:209,2
DA:210,7
DA:211,3
DA:213,3
DA:214,3
DA:216,1
DA:218,3
DA:219,3
DA:225,3
DA:226,7
DA:229,1
DA:230,2
DA:231,2
DA:232,1
LF:76
LH:76
end_of_record
SF:/Users/behnam/Downloads/voice_call_kit_v2/packages/adaptive_transport/lib/src/circuit_breaker.dart
DA:38,3
DA:46,2
DA:47,4
DA:48,0
DA:50,4
DA:51,0
DA:53,4
DA:54,0
DA:55,0
DA:61,8
DA:62,0
DA:64,6
DA:65,0
DA:66,0
DA:88,2
DA:90,4
DA:97,2
DA:98,6
DA:101,2
DA:106,2
DA:107,6
DA:108,4
DA:109,3
DA:110,1
DA:111,3
DA:112,0
DA:115,6
DA:116,0
DA:125,2
DA:126,2
DA:127,2
DA:128,2
DA:130,2
DA:132,1
DA:133,4
DA:136,2
DA:141,2
DA:142,2
DA:143,2
DA:144,2
DA:145,1
DA:146,1
DA:147,2
DA:148,4
DA:149,1
DA:151,1
DA:160,2
DA:161,2
DA:162,2
DA:163,2
DA:164,4
DA:165,8
DA:166,2
DA:168,1
DA:169,1
DA:170,0
DA:177,0
DA:179,2
DA:180,2
DA:181,6
DA:182,4
DA:183,2
DA:184,2
DA:185,2
DA:188,1
DA:189,1
DA:190,1
DA:191,1
DA:194,1
DA:195,1
DA:196,1
DA:197,1
DA:198,1
DA:199,1
DA:200,1
DA:203,2
DA:204,2
DA:206,10
DA:209,2
DA:210,4
DA:211,2
DA:212,1
LF:82
LH:71
end_of_record
SF:/Users/behnam/Downloads/voice_call_kit_v2/packages/adaptive_transport/lib/src/host_port.dart
DA:5,0
DA:7,0
DA:8,0
DA:9,0
DA:11,0
DA:15,0
DA:21,0
DA:31,0
DA:32,0
DA:34,0
DA:38,0
DA:44,0
DA:46,0
DA:53,0
DA:56,0
DA:57,0
DA:58,0
DA:59,0
DA:60,0
DA:61,0
DA:62,0
DA:65,0
DA:66,0
DA:69,0
DA:72,0
DA:73,0
DA:75,0
DA:78,0
DA:79,0
DA:80,0
DA:83,0
DA:86,0
DA:88,0
DA:89,0
LF:34
LH:0
end_of_record
