SF:/Users/behnam/Downloads/voice_call_kit_v2/packages/signaling/lib/src/signaling_client.dart
DA:64,3
DA:99,1
DA:106,3
DA:107,1
DA:108,1
DA:113,3
DA:118,3
DA:120,1
DA:121,2
DA:123,2
DA:125,1
DA:126,1
DA:127,2
DA:128,2
DA:131,2
DA:132,1
DA:137,1
DA:142,1
DA:143,2
DA:144,1
DA:145,1
DA:146,1
DA:148,1
DA:150,3
DA:153,2
DA:160,1
DA:161,1
DA:162,2
DA:167,3
DA:168,1
DA:169,3
DA:170,1
DA:171,2
DA:172,1
DA:175,1
DA:176,1
DA:177,1
DA:178,1
DA:179,2
DA:181,1
DA:185,1
DA:186,1
DA:187,1
DA:188,1
DA:191,1
DA:192,1
DA:193,4
DA:194,1
DA:197,2
DA:199,4
DA:200,4
DA:201,4
DA:203,4
DA:204,1
DA:205,4
DA:208,1
DA:209,2
DA:210,2
DA:211,2
DA:212,1
DA:213,1
DA:214,2
DA:221,1
DA:222,1
DA:223,2
DA:226,2
DA:230,1
DA:231,1
DA:235,1
DA:236,1
DA:240,5
DA:241,4
DA:245,1
DA:246,1
DA:248,1
DA:249,2
DA:250,1
DA:251,2
DA:254,1
DA:255,0
DA:256,0
DA:257,0
DA:258,1
DA:259,3
DA:260,2
DA:261,2
DA:267,1
DA:268,2
DA:269,1
DA:270,1
DA:271,1
DA:272,3
DA:275,1
DA:283,1
DA:284,2
DA:285,5
DA:286,2
DA:287,1
DA:288,1
DA:289,1
DA:291,1
DA:293,3
DA:296,3
DA:300,1
DA:301,2
DA:302,5
DA:305,1
DA:306,2
DA:307,1
DA:308,2
DA:309,2
DA:313,1
DA:314,1
DA:315,1
DA:316,2
DA:317,1
DA:318,2
DA:319,1
DA:320,2
DA:321,2
LF:120
LH:117
end_of_record
SF:/Users/behnam/Downloads/voice_call_kit_v2/packages/signaling/lib/src/reliable_outbox.dart
DA:53,3
DA:72,2
DA:85,2
DA:92,3
DA:95,2
DA:96,2
DA:98,3
DA:99,3
DA:100,3
DA:101,3
DA:102,1
DA:109,2
DA:110,2
DA:111,1
DA:113,10
DA:114,1
DA:115,3
DA:118,6
DA:119,5
DA:122,6
DA:123,6
DA:124,3
DA:125,2
DA:126,4
DA:131,2
DA:132,4
DA:134,4
DA:135,2
DA:136,4
DA:137,4
DA:144,2
DA:145,8
DA:146,4
DA:147,2
DA:151,2
DA:152,8
DA:153,10
DA:154,2
DA:155,8
DA:159,2
DA:160,2
DA:161,8
DA:164,2
DA:165,10
DA:169,8
DA:170,6
DA:171,4
DA:172,4
DA:173,2
DA:174,2
DA:179,4
DA:181,6
DA:188,8
DA:189,6
DA:193,2
DA:194,2
DA:195,2
DA:196,6
DA:197,4
DA:198,4
DA:199,4
DA:202,4
DA:214,1
DA:215,2
DA:216,0
DA:222,1
DA:223,2
DA:224,2
DA:225,4
DA:226,0
LF:70
LH:68
end_of_record
SF:/Users/behnam/Downloads/voice_call_kit_v2/packages/signaling/lib/src/signal_envelope.dart
DA:46,2
DA:47,2
DA:48,6
DA:49,4
DA:78,3
DA:87,3
DA:88,3
DA:91,3
DA:92,6
DA:93,3
DA:95,15
DA:98,6
DA:101,15
DA:104,15
DA:107,6
DA:113,2
DA:118,2
DA:119,2
DA:121,2
DA:125,4
DA:129,4
DA:130,2
DA:131,2
DA:132,2
DA:133,2
DA:134,2
DA:135,4
DA:136,2
DA:137,2
DA:141,2
DA:142,6
DA:143,4
DA:144,2
DA:145,1
DA:152,2
DA:153,2
DA:154,2
DA:155,2
DA:156,2
DA:157,2
DA:158,2
DA:159,2
DA:160,2
DA:162,2
DA:165,2
DA:166,2
DA:167,2
DA:168,2
DA:169,2
DA:170,2
DA:174,4
DA:175,6
DA:176,1
DA:179,2
DA:182,2
DA:186,2
DA:198,2
DA:199,4
DA:200,2
DA:201,1
DA:207,4
DA:208,2
DA:209,4
DA:211,2
DA:214,2
DA:217,1
DA:218,1
DA:219,4
DA:220,1
LF:69
LH:69
end_of_record
