SF:/Users/behnam/Downloads/voice_call_kit_v2/packages/call_signaling_adapter/lib/src/adapter_call_signaling.dart
DA:25,1
DA:33,1
DA:34,2
DA:36,1
DA:38,1
DA:39,1
DA:40,5
DA:41,2
DA:42,3
DA:44,2
DA:45,2
DA:50,1
DA:52,1
DA:54,1
DA:56,1
DA:57,2
DA:63,1
DA:65,1
DA:66,1
DA:67,2
DA:68,1
DA:74,1
DA:76,2
DA:77,1
LF:24
LH:24
end_of_record
SF:/Users/behnam/Downloads/voice_call_kit_v2/packages/call_signaling_adapter/lib/src/adapter_call_transport.dart
DA:28,1
DA:29,5
DA:30,2
DA:31,4
DA:39,1
DA:40,2
DA:42,1
DA:43,2
DA:45,1
DA:47,2
DA:50,1
DA:52,1
DA:53,1
DA:55,1
DA:57,1
DA:58,1
LF:16
LH:16
end_of_record
SF:/Users/behnam/Downloads/voice_call_kit_v2/packages/call_signaling_adapter/lib/src/envelope_codec.dart
DA:18,2
DA:20,3
DA:21,2
DA:24,4
DA:26,3
DA:29,1
DA:30,1
DA:31,1
DA:32,1
DA:36,4
DA:39,6
DA:42,2
DA:54,2
DA:56,2
DA:57,1
DA:58,2
DA:60,1
DA:61,1
DA:63,1
DA:64,1
DA:66,1
DA:67,1
DA:72,2
DA:76,2
DA:77,2
DA:78,2
DA:82,2
DA:83,2
DA:85,1
DA:90,1
DA:91,1
DA:92,1
DA:93,1
DA:94,1
DA:95,1
DA:96,1
DA:98,1
DA:99,1
DA:105,1
DA:110,1
DA:111,1
DA:112,1
DA:114,1
DA:115,1
DA:116,1
DA:118,1
DA:119,1
DA:122,1
LF:48
LH:48
end_of_record
SF:/Users/behnam/Downloads/voice_call_kit_v2/packages/call_signaling_adapter/lib/src/signaling_gateway.dart
DA:36,0
DA:40,0
DA:41,0
DA:43,0
DA:45,0
DA:47,0
DA:48,0
DA:50,0
DA:56,0
DA:59,0
DA:60,0
LF:11
LH:0
end_of_record
