SF:/Users/behnam/Downloads/voice_call_kit_v2/packages/media_webrtc/lib/src/webrtc_media_engine.dart
DA:39,1
DA:40,2
DA:41,0
DA:43,2
DA:44,0
DA:54,0
DA:68,0
DA:99,0
DA:104,0
DA:109,0
DA:114,0
DA:140,1
DA:146,1
DA:147,2
DA:148,0
DA:150,2
DA:151,2
DA:155,5
DA:156,4
DA:157,0
DA:158,0
DA:161,5
DA:165,0
DA:169,0
DA:171,0
DA:178,1
DA:179,1
DA:180,1
DA:181,1
DA:183,1
DA:185,1
DA:186,2
DA:189,3
DA:192,1
DA:197,1
DA:198,1
DA:199,1
DA:200,1
DA:201,1
DA:202,1
DA:203,1
DA:210,0
DA:211,0
DA:212,0
DA:213,0
DA:215,0
DA:216,0
DA:217,0
DA:222,0
DA:223,0
DA:224,0
DA:225,0
DA:227,0
DA:230,0
DA:231,0
DA:232,0
DA:235,0
DA:236,0
DA:237,0
DA:239,0
DA:244,0
DA:245,0
DA:246,0
DA:247,0
DA:250,0
DA:256,0
DA:257,0
DA:258,0
DA:259,0
DA:266,0
DA:267,0
DA:268,0
DA:270,0
DA:271,0
DA:272,0
DA:273,0
DA:274,0
DA:275,0
DA:276,0
DA:281,0
DA:282,0
DA:283,0
DA:285,0
DA:288,0
DA:290,0
DA:291,0
DA:292,0
DA:293,0
DA:294,0
DA:295,0
DA:298,0
DA:299,0
DA:300,0
DA:308,1
DA:309,1
DA:310,0
DA:314,1
DA:315,1
DA:316,1
DA:317,2
DA:318,2
DA:319,2
DA:320,2
DA:321,2
DA:322,2
DA:323,2
LF:106
LH:39
end_of_record
SF:/Users/behnam/Downloads/voice_call_kit_v2/packages/media_webrtc/lib/src/adaptive_media_policy.dart
DA:53,3
DA:105,2
DA:133,2
DA:142,2
DA:151,2
DA:152,8
DA:153,1
DA:154,1
DA:160,8
DA:161,2
DA:163,8
DA:164,2
DA:166,4
DA:167,1
DA:168,1
DA:174,4
DA:175,1
DA:176,1
DA:182,4
DA:183,1
DA:184,1
DA:190,4
DA:191,1
DA:192,1
DA:197,6
DA:198,1
DA:199,1
DA:204,6
DA:205,1
DA:206,1
DA:220,1
DA:226,3
DA:228,1
DA:230,6
DA:240,2
DA:243,2
DA:246,2
DA:250,1
DA:251,4
DA:254,4
DA:255,4
DA:257,4
DA:258,4
DA:261,1
DA:262,1
DA:263,1
DA:265,1
DA:267,3
DA:272,1
DA:273,2
DA:274,4
DA:275,1
DA:276,1
DA:278,1
DA:280,3
DA:281,1
DA:287,1
DA:290,2
DA:291,4
DA:292,1
DA:293,1
DA:294,2
DA:297,1
DA:302,1
DA:303,2
DA:304,4
DA:305,1
DA:306,1
DA:308,3
DA:309,2
DA:310,1
DA:314,1
DA:315,4
DA:317,2
DA:319,1
DA:320,2
DA:321,1
DA:322,1
DA:323,1
DA:331,1
DA:332,1
DA:333,1
DA:334,1
LF:83
LH:83
end_of_record
SF:/Users/behnam/Downloads/voice_call_kit_v2/packages/media_webrtc/lib/src/media_adaptation.dart
DA:17,0
DA:21,0
DA:22,0
DA:23,0
DA:33,0
DA:68,0
DA:73,0
DA:74,0
DA:75,0
DA:76,0
DA:78,0
DA:80,0
DA:82,0
DA:83,0
DA:84,0
DA:88,0
DA:89,0
DA:90,0
DA:97,0
DA:99,0
DA:100,0
DA:101,0
DA:105,0
DA:106,0
DA:110,0
DA:111,0
DA:116,0
DA:117,0
DA:118,0
DA:119,0
DA:120,0
DA:122,0
DA:124,0
DA:128,0
DA:131,0
DA:132,0
DA:133,0
DA:136,0
DA:142,0
DA:143,0
DA:144,0
DA:145,0
DA:152,0
DA:153,0
DA:154,0
DA:155,0
DA:158,0
DA:159,0
DA:160,0
DA:162,0
DA:166,0
DA:168,0
DA:169,0
DA:170,0
DA:174,0
DA:175,0
DA:176,0
DA:180,0
DA:181,0
DA:187,0
DA:188,0
DA:189,0
DA:190,0
DA:191,0
DA:192,0
DA:193,0
DA:194,0
DA:195,0
DA:196,0
DA:197,0
DA:198,0
DA:199,0
DA:203,0
DA:204,0
DA:205,0
DA:209,0
DA:210,0
DA:212,0
DA:214,0
DA:215,0
DA:216,0
DA:217,0
DA:220,0
DA:221,0
DA:234,0
DA:238,0
DA:239,0
DA:240,0
DA:241,0
DA:245,0
DA:247,0
DA:254,0
DA:255,0
DA:263,0
DA:267,0
DA:268,0
DA:276,0
DA:277,0
DA:279,0
DA:281,0
DA:283,0
DA:284,0
DA:285,0
DA:289,0
DA:300,0
DA:305,0
DA:306,0
DA:307,0
DA:309,0
DA:313,0
DA:315,0
DA:316,0
DA:319,0
DA:323,0
DA:324,0
DA:325,0
DA:326,0
DA:331,0
DA:335,0
DA:337,0
DA:338,0
DA:339,0
DA:340,0
DA:344,0
DA:346,0
DA:351,0
DA:352,0
DA:356,0
DA:357,0
DA:359,0
DA:361,0
LF:131
LH:0
end_of_record
SF:/Users/behnam/Downloads/voice_call_kit_v2/packages/media_webrtc/lib/src/rtc_stats_sampler.dart
DA:52,1
DA:92,2
DA:102,0
DA:103,0
DA:104,0
DA:105,0
DA:106,0
DA:107,0
DA:131,2
DA:137,4
DA:138,8
DA:139,0
DA:141,4
DA:142,0
DA:146,6
DA:148,1
DA:149,1
DA:150,5
DA:153,2
DA:154,3
DA:155,2
DA:156,2
DA:157,2
DA:158,2
DA:161,1
DA:164,1
DA:165,1
DA:167,1
DA:169,1
DA:173,1
DA:176,2
DA:182,2
DA:183,1
DA:184,1
DA:185,1
DA:186,1
DA:190,1
DA:191,1
DA:193,3
DA:194,3
DA:195,1
DA:197,2
DA:199,1
DA:201,2
DA:203,2
DA:204,2
DA:206,1
DA:207,1
DA:208,1
DA:209,1
DA:211,0
DA:212,0
DA:214,0
DA:217,1
DA:218,5
DA:220,1
DA:222,2
DA:223,2
DA:224,1
DA:225,3
DA:227,4
DA:228,1
DA:229,1
DA:233,2
DA:234,2
DA:238,2
DA:239,2
DA:240,4
LF:68
LH:57
end_of_record
